Determining if the pthread_create exist failed with the following output:
Change Dir: /home/a/catkin_ws/src/Bieke/src/camera/usb_cam/obj-x86_64-linux-gnu/CMakeFiles/CMakeTmp

Run Build Command:"/usr/bin/make" "cmTC_3a3d2/fast"
make[2]: Entering directory '/home/a/catkin_ws/src/Bieke/src/camera/usb_cam/obj-x86_64-linux-gnu/CMakeFiles/CMakeTmp'
/usr/bin/make -f CMakeFiles/cmTC_3a3d2.dir/build.make CMakeFiles/cmTC_3a3d2.dir/build
make[3]: Entering directory '/home/a/catkin_ws/src/Bieke/src/camera/usb_cam/obj-x86_64-linux-gnu/CMakeFiles/CMakeTmp'
Building C object CMakeFiles/cmTC_3a3d2.dir/CheckSymbolExists.c.o
/usr/bin/cc    -g -O2 -fstack-protector-strong -Wformat -Werror=format-security -Wdate-time -D_FORTIFY_SOURCE=2     -o CMakeFiles/cmTC_3a3d2.dir/CheckSymbolExists.c.o   -c /home/a/catkin_ws/src/Bieke/src/camera/usb_cam/obj-x86_64-linux-gnu/CMakeFiles/CMakeTmp/CheckSymbolExists.c
Linking C executable cmTC_3a3d2
/usr/bin/cmake -E cmake_link_script CMakeFiles/cmTC_3a3d2.dir/link.txt --verbose=1
/usr/bin/cc  -g -O2 -fstack-protector-strong -Wformat -Werror=format-security -Wdate-time -D_FORTIFY_SOURCE=2      CMakeFiles/cmTC_3a3d2.dir/CheckSymbolExists.c.o  -o cmTC_3a3d2 -rdynamic 
CMakeFiles/cmTC_3a3d2.dir/CheckSymbolExists.c.o：在函数‘main’中：
/home/a/catkin_ws/src/Bieke/src/camera/usb_cam/obj-x86_64-linux-gnu/CMakeFiles/CMakeTmp/CheckSymbolExists.c:8：对‘pthread_create’未定义的引用
collect2: error: ld returned 1 exit status
CMakeFiles/cmTC_3a3d2.dir/build.make:97: recipe for target 'cmTC_3a3d2' failed
make[3]: *** [cmTC_3a3d2] Error 1
make[3]: Leaving directory '/home/a/catkin_ws/src/Bieke/src/camera/usb_cam/obj-x86_64-linux-gnu/CMakeFiles/CMakeTmp'
Makefile:126: recipe for target 'cmTC_3a3d2/fast' failed
make[2]: *** [cmTC_3a3d2/fast] Error 2
make[2]: Leaving directory '/home/a/catkin_ws/src/Bieke/src/camera/usb_cam/obj-x86_64-linux-gnu/CMakeFiles/CMakeTmp'

File /home/a/catkin_ws/src/Bieke/src/camera/usb_cam/obj-x86_64-linux-gnu/CMakeFiles/CMakeTmp/CheckSymbolExists.c:
/* */
#include <pthread.h>

int main(int argc, char** argv)
{
  (void)argv;
#ifndef pthread_create
  return ((int*)(&pthread_create))[argc];
#else
  (void)argc;
  return 0;
#endif
}

Determining if the function pthread_create exists in the pthreads failed with the following output:
Change Dir: /home/a/catkin_ws/src/Bieke/src/camera/usb_cam/obj-x86_64-linux-gnu/CMakeFiles/CMakeTmp

Run Build Command:"/usr/bin/make" "cmTC_d61f3/fast"
make[2]: Entering directory '/home/a/catkin_ws/src/Bieke/src/camera/usb_cam/obj-x86_64-linux-gnu/CMakeFiles/CMakeTmp'
/usr/bin/make -f CMakeFiles/cmTC_d61f3.dir/build.make CMakeFiles/cmTC_d61f3.dir/build
make[3]: Entering directory '/home/a/catkin_ws/src/Bieke/src/camera/usb_cam/obj-x86_64-linux-gnu/CMakeFiles/CMakeTmp'
Building C object CMakeFiles/cmTC_d61f3.dir/CheckFunctionExists.c.o
/usr/bin/cc    -g -O2 -fstack-protector-strong -Wformat -Werror=format-security -Wdate-time -D_FORTIFY_SOURCE=2  -DCHECK_FUNCTION_EXISTS=pthread_create   -o CMakeFiles/cmTC_d61f3.dir/CheckFunctionExists.c.o   -c /usr/share/cmake-3.5/Modules/CheckFunctionExists.c
Linking C executable cmTC_d61f3
/usr/bin/cmake -E cmake_link_script CMakeFiles/cmTC_d61f3.dir/link.txt --verbose=1
/usr/bin/cc  -g -O2 -fstack-protector-strong -Wformat -Werror=format-security -Wdate-time -D_FORTIFY_SOURCE=2  -DCHECK_FUNCTION_EXISTS=pthread_create    CMakeFiles/cmTC_d61f3.dir/CheckFunctionExists.c.o  -o cmTC_d61f3 -rdynamic -lpthreads 
/usr/bin/ld: 找不到 -lpthreads
collect2: error: ld returned 1 exit status
CMakeFiles/cmTC_d61f3.dir/build.make:97: recipe for target 'cmTC_d61f3' failed
make[3]: *** [cmTC_d61f3] Error 1
make[3]: Leaving directory '/home/a/catkin_ws/src/Bieke/src/camera/usb_cam/obj-x86_64-linux-gnu/CMakeFiles/CMakeTmp'
Makefile:126: recipe for target 'cmTC_d61f3/fast' failed
make[2]: *** [cmTC_d61f3/fast] Error 2
make[2]: Leaving directory '/home/a/catkin_ws/src/Bieke/src/camera/usb_cam/obj-x86_64-linux-gnu/CMakeFiles/CMakeTmp'


